<?xml version="1.0" encoding="UTF-8"?>
<!-- Generated by org.testng.reporters.JUnitReportReporter -->
<testsuite hostname="Jista_George" failures="0" tests="4" name="testscripts.LoginTest" time="15.730" errors="0" timestamp="2024-07-27T19:02:56 IST" skipped="0">
  <testcase classname="testscripts.LoginTest" name="verifyUserLoginWithCorrectUsernameAndPassword" time="3.736"/>
  <testcase classname="testscripts.LoginTest" name="verifyUserLoginWithWrongUsernameAndCorrectPassword" time="5.222"/>
  <testcase classname="testscripts.LoginTest" name="verifyUserLoginWithCorrectUsernameAndWrongPassword" time="3.765"/>
  <testcase classname="testscripts.LoginTest" name="verifyUserLoginWithWrongUsernameAndPassword" time="3.007"/>
</testsuite> <!-- testscripts.LoginTest -->
