<?xml version="1.0" encoding="UTF-8"?>
<!-- Generated by org.testng.reporters.JUnitReportReporter -->
<testsuite hostname="Jista_George" failures="0" tests="1" name="testscripts.ListCategoryTest" time="3.649" errors="0" timestamp="2024-07-28T12:37:28 IST" skipped="0">
  <testcase classname="testscripts.ListCategoryTest" name="verifyCategoryExistsInTable" time="3.649"/>
</testsuite> <!-- testscripts.ListCategoryTest -->
