<?xml version="1.0" encoding="UTF-8"?>
<!-- Generated by org.testng.reporters.JUnitReportReporter -->
<testsuite hostname="Jista_George" failures="0" tests="1" name="testscripts.ListAdminTest" time="2.769" errors="0" timestamp="2024-07-22T23:39:09 IST" skipped="0">
  <testcase classname="testscripts.ListAdminTest" name="scrollListAdminPage" time="2.769"/>
</testsuite> <!-- testscripts.ListAdminTest -->
