<?xml version="1.0" encoding="UTF-8"?>
<!-- Generated by org.testng.reporters.JUnitReportReporter -->
<testsuite hostname="Jista_George" failures="0" tests="1" name="testscripts.ManageNewsTest" time="2.817" errors="0" timestamp="2024-08-05T21:43:46 IST" skipped="0">
  <testcase classname="testscripts.ManageNewsTest" name="verifyHeaderOfManageNewsTable" time="2.817"/>
</testsuite> <!-- testscripts.ManageNewsTest -->
