<?xml version="1.0" encoding="UTF-8"?>
<!-- Generated by org.testng.reporters.JUnitReportReporter -->
<testsuite hostname="Jista_George" failures="0" tests="4" name="MyProject_TestScripts.VerifyLoginPage" time="8.769" errors="0" timestamp="2024-07-16T21:51:31 IST" skipped="0">
  <testcase classname="MyProject_TestScripts.VerifyLoginPage" name="verifyUserLoginWithWrongUsernameAndCorrectPassword" time="2.069"/>
  <testcase classname="MyProject_TestScripts.VerifyLoginPage" name="verifyUserLoginWithWrongUsernameAndPassword" time="1.976"/>
  <testcase classname="MyProject_TestScripts.VerifyLoginPage" name="verifyUserLoginWithCorrectUsernameAndPassword" time="2.719"/>
  <testcase classname="MyProject_TestScripts.VerifyLoginPage" name="verifyUserLoginWithCorrectUsernameAndWrongPassword" time="2.005"/>
</testsuite> <!-- MyProject_TestScripts.VerifyLoginPage -->
