<?xml version="1.0" encoding="UTF-8"?>
<!-- Generated by org.testng.reporters.JUnitReportReporter -->
<testsuite hostname="Jista_George" failures="0" tests="1" name="testscripts.LoginTest" time="4.222" errors="0" timestamp="2024-08-02T09:24:13 IST" skipped="0">
  <testcase classname="testscripts.LoginTest" name="verifyUserLoginWithCorrectUsernameAndPassword" time="4.222"/>
</testsuite> <!-- testscripts.LoginTest -->
