<?xml version="1.0" encoding="UTF-8"?>
<!-- Generated by org.testng.reporters.JUnitReportReporter -->
<testsuite hostname="Jista_George" failures="0" tests="1" name="testscripts.AdminUsersTest" time="3.890" errors="0" timestamp="2024-08-05T11:49:21 IST" skipped="0">
  <testcase classname="testscripts.AdminUsersTest" name="verifyResetFunctionOfSearchedAdminUser" time="3.890"/>
</testsuite> <!-- testscripts.AdminUsersTest -->
