<?xml version="1.0" encoding="UTF-8"?>
<!-- Generated by org.testng.reporters.JUnitReportReporter -->
<testsuite hostname="Jista_George" failures="0" tests="1" name="testscripts.LoginTest" time="4.133" errors="0" timestamp="2024-08-05T21:43:46 IST" skipped="0">
  <testcase classname="testscripts.LoginTest" name="verifyUserLoginWithCorrectUsernameAndPassword" time="4.133"/>
</testsuite> <!-- testscripts.LoginTest -->
