<?xml version="1.0" encoding="UTF-8"?>
<!-- Generated by org.testng.reporters.JUnitReportReporter -->
<testsuite hostname="Jista_George" failures="0" tests="2" name="testscripts.ListCategoryTest" time="7.680" errors="0" timestamp="2024-07-31T21:39:12 IST" skipped="0">
  <testcase classname="testscripts.ListCategoryTest" name="verifyCategoryExistsInTable" time="3.511"/>
  <testcase classname="testscripts.ListCategoryTest" name="verifyCategoryStatusIsActiveInTable" time="4.169"/>
</testsuite> <!-- testscripts.ListCategoryTest -->
