<?xml version="1.0" encoding="UTF-8"?>
<!-- Generated by org.testng.reporters.JUnitReportReporter -->
<testsuite hostname="Jista_George" failures="0" tests="1" name="testscripts.ManageNewsTest" time="7.572" errors="0" timestamp="2024-07-27T20:10:16 IST" skipped="0">
  <testcase classname="testscripts.ManageNewsTest" name="verifyHeaderOfManageNewsTable" time="7.572"/>
</testsuite> <!-- testscripts.ManageNewsTest -->
