<?xml version="1.0" encoding="UTF-8"?>
<!-- Generated by org.testng.reporters.JUnitReportReporter -->
<testsuite hostname="Jista_George" failures="0" tests="4" name="testscripts.LoginTest" time="8.623" errors="0" timestamp="2024-07-20T20:08:35 IST" skipped="0">
  <testcase classname="testscripts.LoginTest" name="verifyUserLoginWithWrongUsernameAndCorrectPassword" time="1.851"/>
  <testcase classname="testscripts.LoginTest" name="verifyUserLoginWithWrongUsernameAndPassword" time="1.992"/>
  <testcase classname="testscripts.LoginTest" name="verifyUserLoginWithCorrectUsernameAndWrongPassword" time="1.888"/>
  <testcase classname="testscripts.LoginTest" name="verifyUserLoginWithCorrectUsernameAndPassword" time="2.892"/>
</testsuite> <!-- testscripts.LoginTest -->
