<?xml version="1.0" encoding="UTF-8"?>
<!-- Generated by org.testng.reporters.JUnitReportReporter -->
<testsuite hostname="Jista_George" failures="0" tests="1" name="testscripts.ManageNewsTest" time="5.639" errors="0" timestamp="2024-07-28T11:59:09 IST" skipped="0">
  <testcase classname="testscripts.ManageNewsTest" name="verifyHeaderOfManageNewsTable" time="5.639"/>
</testsuite> <!-- testscripts.ManageNewsTest -->
