<?xml version="1.0" encoding="UTF-8"?>
<!-- Generated by org.testng.reporters.JUnitReportReporter -->
<testsuite hostname="Jista_George" failures="0" tests="1" name="testscripts.ListSubCategoryTest" time="4.369" errors="0" timestamp="2024-07-27T19:02:56 IST" skipped="0">
  <testcase classname="testscripts.ListSubCategoryTest" name="verifyUserAbleToEditAndUploadFileInSubCategoryPageUsingSendKeys" time="4.369"/>
</testsuite> <!-- testscripts.ListSubCategoryTest -->
