<?xml version="1.0" encoding="UTF-8"?>
<!-- Generated by org.testng.reporters.JUnitReportReporter -->
<testsuite hostname="Jista_George" failures="0" tests="1" name="testscripts.ListSubCategoryTest" time="5.635" errors="0" timestamp="2024-08-05T21:36:29 IST" skipped="0">
  <testcase classname="testscripts.ListSubCategoryTest" name="verifyUserAbleToEditAndUploadFileInSubCategoryPageUsingSendKeys" time="5.635"/>
</testsuite> <!-- testscripts.ListSubCategoryTest -->
