<?xml version="1.0" encoding="UTF-8"?>
<!-- Generated by org.testng.reporters.JUnitReportReporter -->
<testsuite hostname="Jista_George" failures="0" tests="1" name="testscripts.ManageNewsTest" time="4.358" errors="0" timestamp="2024-07-30T12:53:37 IST" skipped="0">
  <testcase classname="testscripts.ManageNewsTest" name="verifyHeaderOfManageNewsTable" time="4.358"/>
</testsuite> <!-- testscripts.ManageNewsTest -->
