<?xml version="1.0" encoding="UTF-8"?>
<!-- Generated by org.testng.reporters.JUnitReportReporter -->
<testsuite hostname="Jista_George" failures="0" tests="1" name="testscripts.AdminUsersTest" time="6.024" errors="0" timestamp="2024-07-27T20:28:29 IST" skipped="0">
  <testcase classname="testscripts.AdminUsersTest" name="addNewUserToAdminUserTable" time="6.024"/>
</testsuite> <!-- testscripts.AdminUsersTest -->
