<?xml version="1.0" encoding="UTF-8"?>
<!-- Generated by org.testng.reporters.JUnitReportReporter -->
<testsuite hostname="Jista_George" failures="0" tests="1" name="testscripts.LoginTest" time="4.285" errors="0" timestamp="2024-07-31T11:47:52 IST" skipped="0">
  <testcase classname="testscripts.LoginTest" name="verifyUserLoginWithCorrectUsernameAndPassword" time="4.285"/>
</testsuite> <!-- testscripts.LoginTest -->
