<?xml version="1.0" encoding="UTF-8"?>
<!-- Generated by org.testng.reporters.JUnitReportReporter -->
<testsuite hostname="Jista_George" failures="0" tests="1" name="MyProject_TestScripts.VerifyLoginPage" time="4.898" errors="0" timestamp="2024-07-17T08:25:14 IST" skipped="0">
  <testcase classname="MyProject_TestScripts.VerifyLoginPage" name="verifyUserLoginWithWrongUsernameAndCorrectPassword" time="4.898"/>
</testsuite> <!-- MyProject_TestScripts.VerifyLoginPage -->
