<?xml version="1.0" encoding="UTF-8"?>
<!-- Generated by org.testng.reporters.JUnitReportReporter -->
<testsuite hostname="Jista_George" failures="0" tests="2" name="testscripts.ListCategoryTest" time="6.559" errors="0" timestamp="2024-08-01T10:22:07 IST" skipped="0">
  <testcase classname="testscripts.ListCategoryTest" name="verifyCategoryStatusIsActiveInTable" time="2.524"/>
  <testcase classname="testscripts.ListCategoryTest" name="verifyCategoryExistsInTable" time="4.035"/>
</testsuite> <!-- testscripts.ListCategoryTest -->
